2025-10-27 15:00:06 [winston logger] [32minfo[39m: 🟡 Syncing database models...
2025-10-27 15:00:07 [winston logger] [32minfo[39m: ✅ All models initialized and synced successfully.
2025-10-27 15:00:07 [winston logger] [32minfo[39m: ✅ User model synced successfully.
2025-10-27 15:00:07 [winston logger] [32minfo[39m: 🟡 Starting Apollo Server...
2025-10-27 15:00:07 [winston logger] [32minfo[39m: 🚀 Server is running at: http://localhost:5000/graphql
2025-10-27 15:00:12 [winston logger] [32minfo[39m: 🟡 Syncing database models...
2025-10-27 15:00:13 [winston logger] [32minfo[39m: ✅ All models initialized and synced successfully.
2025-10-27 15:00:13 [winston logger] [32minfo[39m: ✅ User model synced successfully.
2025-10-27 15:00:13 [winston logger] [32minfo[39m: 🟡 Starting Apollo Server...
2025-10-27 15:00:13 [winston logger] [32minfo[39m: 🚀 Server is running at: http://localhost:5000/graphql
2025-10-27 15:00:15 [winston logger] [32minfo[39m: 🟡 Syncing database models...
2025-10-27 15:00:16 [winston logger] [32minfo[39m: ✅ All models initialized and synced successfully.
2025-10-27 15:00:16 [winston logger] [32minfo[39m: ✅ User model synced successfully.
2025-10-27 15:00:16 [winston logger] [32minfo[39m: 🟡 Starting Apollo Server...
2025-10-27 15:00:16 [winston logger] [32minfo[39m: 🚀 Server is running at: http://localhost:5000/graphql
2025-10-27 15:00:33 [winston logger] [32minfo[39m: 🟡 Syncing database models...
2025-10-27 15:00:33 [winston logger] [32minfo[39m: ✅ All models initialized and synced successfully.
2025-10-27 15:00:33 [winston logger] [32minfo[39m: ✅ User model synced successfully.
2025-10-27 15:00:33 [winston logger] [32minfo[39m: 🟡 Starting Apollo Server...
2025-10-27 15:00:33 [winston logger] [32minfo[39m: 🚀 Server is running at: http://localhost:5000/graphql
2025-10-27 15:01:06 [winston logger] [32minfo[39m: 🟡 Syncing database models...
2025-10-27 15:01:07 [winston logger] [32minfo[39m: ✅ All models initialized and synced successfully.
2025-10-27 15:01:07 [winston logger] [32minfo[39m: ✅ User model synced successfully.
2025-10-27 15:01:07 [winston logger] [32minfo[39m: 🟡 Starting Apollo Server...
2025-10-27 15:01:07 [winston logger] [32minfo[39m: 🚀 Server is running at: http://localhost:5000/graphql
2025-10-27 15:01:10 [winston logger] [32minfo[39m: 🟡 Syncing database models...
2025-10-27 15:01:10 [winston logger] [32minfo[39m: ✅ All models initialized and synced successfully.
2025-10-27 15:01:10 [winston logger] [32minfo[39m: ✅ User model synced successfully.
2025-10-27 15:01:10 [winston logger] [32minfo[39m: 🟡 Starting Apollo Server...
2025-10-27 15:01:10 [winston logger] [32minfo[39m: 🚀 Server is running at: http://localhost:5000/graphql
2025-10-27 15:01:13 [winston logger] [32minfo[39m: 🟡 Syncing database models...
2025-10-27 15:01:13 [winston logger] [32minfo[39m: ✅ All models initialized and synced successfully.
2025-10-27 15:01:13 [winston logger] [32minfo[39m: ✅ User model synced successfully.
2025-10-27 15:01:13 [winston logger] [32minfo[39m: 🟡 Starting Apollo Server...
2025-10-27 15:01:13 [winston logger] [32minfo[39m: 🚀 Server is running at: http://localhost:5000/graphql
2025-10-27 15:01:37 [winston logger] [32minfo[39m: 🟡 Syncing database models...
2025-10-27 15:01:38 [winston logger] [32minfo[39m: ✅ All models initialized and synced successfully.
2025-10-27 15:01:38 [winston logger] [32minfo[39m: ✅ User model synced successfully.
2025-10-27 15:01:38 [winston logger] [32minfo[39m: 🟡 Starting Apollo Server...
2025-10-27 15:01:38 [winston logger] [32minfo[39m: 🚀 Server is running at: http://localhost:5000/graphql
2025-10-27 15:07:09 [winston logger] [32minfo[39m: 🟡 Syncing database models...
2025-10-27 15:07:09 [winston logger] [32minfo[39m: ✅ All models initialized and synced successfully.
2025-10-27 15:07:09 [winston logger] [32minfo[39m: ✅ User model synced successfully.
2025-10-27 15:07:09 [winston logger] [32minfo[39m: 🟡 Starting Apollo Server...
2025-10-27 15:07:09 [winston logger] [32minfo[39m: 🚀 Server is running at: http://localhost:5000/graphql
2025-10-27 15:08:13 [winston logger] [32minfo[39m: 🟡 Syncing database models...
2025-10-27 15:08:14 [winston logger] [32minfo[39m: ✅ All models initialized and synced successfully.
2025-10-27 15:08:14 [winston logger] [32minfo[39m: ✅ User model synced successfully.
2025-10-27 15:08:14 [winston logger] [32minfo[39m: 🟡 Starting Apollo Server...
2025-10-27 15:08:14 [winston logger] [32minfo[39m: 🚀 Server is running at: http://localhost:5000/graphql
2025-10-27 15:08:18 [winston logger] [32minfo[39m: 🟡 Syncing database models...
2025-10-27 15:08:19 [winston logger] [32minfo[39m: ✅ All models initialized and synced successfully.
2025-10-27 15:08:19 [winston logger] [32minfo[39m: ✅ User model synced successfully.
2025-10-27 15:08:19 [winston logger] [32minfo[39m: 🟡 Starting Apollo Server...
2025-10-27 15:08:19 [winston logger] [32minfo[39m: 🚀 Server is running at: http://localhost:5000/graphql
2025-10-27 15:08:45 [winston logger] [32minfo[39m: 🟡 Syncing database models...
2025-10-27 15:08:46 [winston logger] [32minfo[39m: ✅ All models initialized and synced successfully.
2025-10-27 15:08:46 [winston logger] [32minfo[39m: ✅ User model synced successfully.
2025-10-27 15:08:46 [winston logger] [32minfo[39m: 🟡 Starting Apollo Server...
2025-10-27 15:08:46 [winston logger] [32minfo[39m: 🚀 Server is running at: http://localhost:5000/graphql
2025-10-27 15:08:56 [winston logger] [32minfo[39m: 🟡 Syncing database models...
2025-10-27 15:08:57 [winston logger] [32minfo[39m: ✅ All models initialized and synced successfully.
2025-10-27 15:08:57 [winston logger] [32minfo[39m: ✅ User model synced successfully.
2025-10-27 15:08:57 [winston logger] [32minfo[39m: 🟡 Starting Apollo Server...
2025-10-27 15:08:57 [winston logger] [32minfo[39m: 🚀 Server is running at: http://localhost:5000/graphql
2025-10-27 15:09:00 [winston logger] [32minfo[39m: 🟡 Syncing database models...
2025-10-27 15:09:01 [winston logger] [32minfo[39m: ✅ All models initialized and synced successfully.
2025-10-27 15:09:01 [winston logger] [32minfo[39m: ✅ User model synced successfully.
2025-10-27 15:09:01 [winston logger] [32minfo[39m: 🟡 Starting Apollo Server...
2025-10-27 15:09:01 [winston logger] [32minfo[39m: 🚀 Server is running at: http://localhost:5000/graphql
2025-10-27 15:09:03 [winston logger] [32minfo[39m: 🟡 Syncing database models...
2025-10-27 15:09:04 [winston logger] [32minfo[39m: ✅ All models initialized and synced successfully.
2025-10-27 15:09:04 [winston logger] [32minfo[39m: ✅ User model synced successfully.
2025-10-27 15:09:04 [winston logger] [32minfo[39m: 🟡 Starting Apollo Server...
2025-10-27 15:09:04 [winston logger] [32minfo[39m: 🚀 Server is running at: http://localhost:5000/graphql
2025-10-27 15:09:32 [winston logger] [32minfo[39m: 🟡 Syncing database models...
2025-10-27 15:09:33 [winston logger] [32minfo[39m: ✅ All models initialized and synced successfully.
2025-10-27 15:09:33 [winston logger] [32minfo[39m: ✅ User model synced successfully.
2025-10-27 15:09:33 [winston logger] [32minfo[39m: 🟡 Starting Apollo Server...
2025-10-27 15:09:33 [winston logger] [32minfo[39m: 🚀 Server is running at: http://localhost:5000/graphql
2025-10-27 15:09:35 [winston logger] [32minfo[39m: 🟡 Syncing database models...
2025-10-27 15:09:36 [winston logger] [32minfo[39m: ✅ All models initialized and synced successfully.
2025-10-27 15:09:36 [winston logger] [32minfo[39m: ✅ User model synced successfully.
2025-10-27 15:09:36 [winston logger] [32minfo[39m: 🟡 Starting Apollo Server...
2025-10-27 15:09:36 [winston logger] [32minfo[39m: 🚀 Server is running at: http://localhost:5000/graphql
2025-10-27 15:09:37 [winston logger] [32minfo[39m: 🟡 Syncing database models...
2025-10-27 15:09:38 [winston logger] [32minfo[39m: ✅ All models initialized and synced successfully.
2025-10-27 15:09:38 [winston logger] [32minfo[39m: ✅ User model synced successfully.
2025-10-27 15:09:38 [winston logger] [32minfo[39m: 🟡 Starting Apollo Server...
2025-10-27 15:09:38 [winston logger] [32minfo[39m: 🚀 Server is running at: http://localhost:5000/graphql
2025-10-27 15:21:51 [winston logger] [32minfo[39m: 🟡 Syncing database models...
2025-10-27 15:21:52 [winston logger] [32minfo[39m: ✅ All models initialized and synced successfully.
2025-10-27 15:21:52 [winston logger] [32minfo[39m: ✅ User model synced successfully.
2025-10-27 15:21:52 [winston logger] [32minfo[39m: 🟡 Starting Apollo Server...
2025-10-27 15:21:52 [winston logger] [32minfo[39m: 🚀 Server is running at: http://localhost:5000/graphql
2025-10-27 15:22:00 [winston logger] [32minfo[39m: 🟡 Syncing database models...
2025-10-27 15:22:01 [winston logger] [32minfo[39m: ✅ All models initialized and synced successfully.
2025-10-27 15:22:01 [winston logger] [32minfo[39m: ✅ User model synced successfully.
2025-10-27 15:22:01 [winston logger] [32minfo[39m: 🟡 Starting Apollo Server...
2025-10-27 15:22:01 [winston logger] [32minfo[39m: 🚀 Server is running at: http://localhost:5000/graphql
2025-10-27 15:22:03 [winston logger] [32minfo[39m: 🟡 Syncing database models...
2025-10-27 15:22:05 [winston logger] [32minfo[39m: 🟡 Syncing database models...
2025-10-27 15:22:06 [winston logger] [32minfo[39m: ✅ All models initialized and synced successfully.
2025-10-27 15:22:06 [winston logger] [32minfo[39m: ✅ User model synced successfully.
2025-10-27 15:22:06 [winston logger] [32minfo[39m: 🟡 Starting Apollo Server...
2025-10-27 15:22:06 [winston logger] [32minfo[39m: 🚀 Server is running at: http://localhost:5000/graphql
2025-10-27 15:22:11 [winston logger] [32minfo[39m: 🟡 Syncing database models...
2025-10-27 15:22:12 [winston logger] [32minfo[39m: 🟡 Syncing database models...
2025-10-27 15:22:13 [winston logger] [32minfo[39m: ✅ All models initialized and synced successfully.
2025-10-27 15:22:13 [winston logger] [32minfo[39m: ✅ User model synced successfully.
2025-10-27 15:22:13 [winston logger] [32minfo[39m: 🟡 Starting Apollo Server...
2025-10-27 15:22:13 [winston logger] [32minfo[39m: 🚀 Server is running at: http://localhost:5000/graphql
2025-10-27 15:22:14 [winston logger] [32minfo[39m: 🟡 Syncing database models...
2025-10-27 15:22:15 [winston logger] [32minfo[39m: ✅ All models initialized and synced successfully.
2025-10-27 15:22:15 [winston logger] [32minfo[39m: ✅ User model synced successfully.
2025-10-27 15:22:15 [winston logger] [32minfo[39m: 🟡 Starting Apollo Server...
2025-10-27 15:22:15 [winston logger] [32minfo[39m: 🚀 Server is running at: http://localhost:5000/graphql
2025-10-27 15:22:21 [winston logger] [32minfo[39m: 🟡 Syncing database models...
2025-10-27 15:22:22 [winston logger] [32minfo[39m: ✅ All models initialized and synced successfully.
2025-10-27 15:22:22 [winston logger] [32minfo[39m: ✅ User model synced successfully.
2025-10-27 15:22:22 [winston logger] [32minfo[39m: 🟡 Starting Apollo Server...
2025-10-27 15:22:22 [winston logger] [32minfo[39m: 🚀 Server is running at: http://localhost:5000/graphql
2025-10-27 15:22:29 [winston logger] [32minfo[39m: 🟡 Syncing database models...
2025-10-27 15:22:29 [winston logger] [32minfo[39m: ✅ All models initialized and synced successfully.
2025-10-27 15:22:29 [winston logger] [32minfo[39m: ✅ User model synced successfully.
2025-10-27 15:22:29 [winston logger] [32minfo[39m: 🟡 Starting Apollo Server...
2025-10-27 15:22:29 [winston logger] [32minfo[39m: 🚀 Server is running at: http://localhost:5000/graphql
2025-10-27 15:22:33 [winston logger] [32minfo[39m: 🟡 Syncing database models...
2025-10-27 15:22:34 [winston logger] [32minfo[39m: ✅ All models initialized and synced successfully.
2025-10-27 15:22:34 [winston logger] [32minfo[39m: ✅ User model synced successfully.
2025-10-27 15:22:34 [winston logger] [32minfo[39m: 🟡 Starting Apollo Server...
2025-10-27 15:22:34 [winston logger] [32minfo[39m: 🚀 Server is running at: http://localhost:5000/graphql
2025-10-27 15:22:55 [winston logger] [32minfo[39m: 🟡 Syncing database models...
2025-10-27 15:22:57 [winston logger] [32minfo[39m: 🟡 Syncing database models...
2025-10-27 15:22:58 [winston logger] [32minfo[39m: 🟡 Syncing database models...
2025-10-27 15:22:59 [winston logger] [32minfo[39m: ✅ All models initialized and synced successfully.
2025-10-27 15:22:59 [winston logger] [32minfo[39m: ✅ User model synced successfully.
2025-10-27 15:22:59 [winston logger] [32minfo[39m: 🟡 Starting Apollo Server...
2025-10-27 15:22:59 [winston logger] [32minfo[39m: 🚀 Server is running at: http://localhost:5000/graphql
2025-10-27 15:23:15 [winston logger] [32minfo[39m: 🟡 Syncing database models...
2025-10-27 15:23:16 [winston logger] [32minfo[39m: ✅ All models initialized and synced successfully.
2025-10-27 15:23:16 [winston logger] [32minfo[39m: ✅ User model synced successfully.
2025-10-27 15:23:16 [winston logger] [32minfo[39m: 🟡 Starting Apollo Server...
2025-10-27 15:23:16 [winston logger] [32minfo[39m: 🚀 Server is running at: http://localhost:5000/graphql
2025-10-27 15:23:17 [winston logger] [32minfo[39m: 🟡 Syncing database models...
2025-10-27 15:23:18 [winston logger] [32minfo[39m: ✅ All models initialized and synced successfully.
2025-10-27 15:23:18 [winston logger] [32minfo[39m: ✅ User model synced successfully.
2025-10-27 15:23:18 [winston logger] [32minfo[39m: 🟡 Starting Apollo Server...
2025-10-27 15:23:18 [winston logger] [32minfo[39m: 🚀 Server is running at: http://localhost:5000/graphql
2025-10-27 15:23:58 [winston logger] [32minfo[39m: 🟡 Syncing database models...
2025-10-27 15:23:58 [winston logger] [32minfo[39m: ✅ All models initialized and synced successfully.
2025-10-27 15:23:58 [winston logger] [32minfo[39m: ✅ User model synced successfully.
2025-10-27 15:23:58 [winston logger] [32minfo[39m: 🟡 Starting Apollo Server...
2025-10-27 15:23:58 [winston logger] [32minfo[39m: 🚀 Server is running at: http://localhost:5000/graphql
2025-10-27 15:24:01 [winston logger] [32minfo[39m: 🟡 Syncing database models...
2025-10-27 15:24:02 [winston logger] [32minfo[39m: ✅ All models initialized and synced successfully.
2025-10-27 15:24:02 [winston logger] [32minfo[39m: ✅ User model synced successfully.
2025-10-27 15:24:02 [winston logger] [32minfo[39m: 🟡 Starting Apollo Server...
2025-10-27 15:24:02 [winston logger] [32minfo[39m: 🚀 Server is running at: http://localhost:5000/graphql
2025-10-27 15:56:05 [winston logger] [32minfo[39m: 🟡 Syncing database models...
2025-10-27 15:56:06 [winston logger] [32minfo[39m: ✅ All models initialized and synced successfully.
2025-10-27 15:56:06 [winston logger] [32minfo[39m: ✅ User model synced successfully.
2025-10-27 15:56:06 [winston logger] [32minfo[39m: 🟡 Starting Apollo Server...
2025-10-27 15:56:06 [winston logger] [32minfo[39m: 🚀 Server is running at: http://localhost:5000/graphql
2025-10-27 15:56:35 [winston logger] [32minfo[39m: 🟡 Syncing database models...
2025-10-27 15:56:36 [winston logger] [32minfo[39m: ✅ All models initialized and synced successfully.
2025-10-27 15:56:36 [winston logger] [32minfo[39m: ✅ User model synced successfully.
2025-10-27 15:56:36 [winston logger] [32minfo[39m: 🟡 Starting Apollo Server...
2025-10-27 15:56:36 [winston logger] [32minfo[39m: 🚀 Server is running at: http://localhost:5000/graphql
2025-10-27 15:56:51 [winston logger] [32minfo[39m: 🟡 Syncing database models...
2025-10-27 15:56:52 [winston logger] [32minfo[39m: ✅ All models initialized and synced successfully.
2025-10-27 15:56:52 [winston logger] [32minfo[39m: ✅ User model synced successfully.
2025-10-27 15:56:52 [winston logger] [32minfo[39m: 🟡 Starting Apollo Server...
2025-10-27 15:56:52 [winston logger] [32minfo[39m: 🚀 Server is running at: http://localhost:5000/graphql
2025-10-27 15:57:04 [winston logger] [32minfo[39m: 🟡 Syncing database models...
2025-10-27 15:57:05 [winston logger] [32minfo[39m: ✅ All models initialized and synced successfully.
2025-10-27 15:57:05 [winston logger] [32minfo[39m: ✅ User model synced successfully.
2025-10-27 15:57:05 [winston logger] [32minfo[39m: 🟡 Starting Apollo Server...
2025-10-27 15:57:05 [winston logger] [32minfo[39m: 🚀 Server is running at: http://localhost:5000/graphql
2025-10-27 15:57:09 [winston logger] [32minfo[39m: 🟡 Syncing database models...
2025-10-27 15:57:10 [winston logger] [32minfo[39m: ✅ All models initialized and synced successfully.
2025-10-27 15:57:10 [winston logger] [32minfo[39m: ✅ User model synced successfully.
2025-10-27 15:57:10 [winston logger] [32minfo[39m: 🟡 Starting Apollo Server...
2025-10-27 15:57:10 [winston logger] [32minfo[39m: 🚀 Server is running at: http://localhost:5000/graphql
2025-10-27 15:57:22 [winston logger] [32minfo[39m: 🟡 Syncing database models...
2025-10-27 15:57:23 [winston logger] [32minfo[39m: ✅ All models initialized and synced successfully.
2025-10-27 15:57:23 [winston logger] [32minfo[39m: ✅ User model synced successfully.
2025-10-27 15:57:23 [winston logger] [32minfo[39m: 🟡 Starting Apollo Server...
2025-10-27 15:57:23 [winston logger] [32minfo[39m: 🚀 Server is running at: http://localhost:5000/graphql
2025-10-27 15:57:30 [winston logger] [32minfo[39m: 🟡 Syncing database models...
2025-10-27 15:57:31 [winston logger] [32minfo[39m: 🟡 Syncing database models...
2025-10-27 15:57:32 [winston logger] [32minfo[39m: ✅ All models initialized and synced successfully.
2025-10-27 15:57:32 [winston logger] [32minfo[39m: ✅ User model synced successfully.
2025-10-27 15:57:32 [winston logger] [32minfo[39m: 🟡 Starting Apollo Server...
2025-10-27 15:57:32 [winston logger] [32minfo[39m: 🚀 Server is running at: http://localhost:5000/graphql
2025-10-27 15:57:39 [winston logger] [32minfo[39m: 🟡 Syncing database models...
2025-10-27 15:57:39 [winston logger] [32minfo[39m: ✅ All models initialized and synced successfully.
2025-10-27 15:57:39 [winston logger] [32minfo[39m: ✅ User model synced successfully.
2025-10-27 15:57:39 [winston logger] [32minfo[39m: 🟡 Starting Apollo Server...
2025-10-27 15:57:40 [winston logger] [32minfo[39m: 🚀 Server is running at: http://localhost:5000/graphql
2025-10-27 15:57:42 [winston logger] [32minfo[39m: 🟡 Syncing database models...
2025-10-27 15:57:42 [winston logger] [32minfo[39m: ✅ All models initialized and synced successfully.
2025-10-27 15:57:42 [winston logger] [32minfo[39m: ✅ User model synced successfully.
2025-10-27 15:57:42 [winston logger] [32minfo[39m: 🟡 Starting Apollo Server...
2025-10-27 15:57:42 [winston logger] [32minfo[39m: 🚀 Server is running at: http://localhost:5000/graphql
2025-10-27 15:57:48 [winston logger] [32minfo[39m: 🟡 Syncing database models...
2025-10-27 15:57:48 [winston logger] [32minfo[39m: ✅ All models initialized and synced successfully.
2025-10-27 15:57:48 [winston logger] [32minfo[39m: ✅ User model synced successfully.
2025-10-27 15:57:48 [winston logger] [32minfo[39m: 🟡 Starting Apollo Server...
2025-10-27 15:57:48 [winston logger] [32minfo[39m: 🚀 Server is running at: http://localhost:5000/graphql
2025-10-27 15:57:50 [winston logger] [32minfo[39m: 🟡 Syncing database models...
2025-10-27 15:57:51 [winston logger] [32minfo[39m: ✅ All models initialized and synced successfully.
2025-10-27 15:57:51 [winston logger] [32minfo[39m: ✅ User model synced successfully.
2025-10-27 15:57:51 [winston logger] [32minfo[39m: 🟡 Starting Apollo Server...
2025-10-27 15:57:51 [winston logger] [32minfo[39m: 🚀 Server is running at: http://localhost:5000/graphql
2025-10-27 15:57:52 [winston logger] [32minfo[39m: 🟡 Syncing database models...
2025-10-27 15:57:52 [winston logger] [32minfo[39m: ✅ All models initialized and synced successfully.
2025-10-27 15:57:52 [winston logger] [32minfo[39m: ✅ User model synced successfully.
2025-10-27 15:57:53 [winston logger] [32minfo[39m: 🟡 Starting Apollo Server...
2025-10-27 15:57:53 [winston logger] [32minfo[39m: 🚀 Server is running at: http://localhost:5000/graphql
2025-10-27 15:57:54 [winston logger] [32minfo[39m: 🟡 Syncing database models...
2025-10-27 15:57:55 [winston logger] [32minfo[39m: ✅ All models initialized and synced successfully.
2025-10-27 15:57:55 [winston logger] [32minfo[39m: ✅ User model synced successfully.
2025-10-27 15:57:55 [winston logger] [32minfo[39m: 🟡 Starting Apollo Server...
2025-10-27 15:57:55 [winston logger] [32minfo[39m: 🚀 Server is running at: http://localhost:5000/graphql
2025-10-27 15:57:59 [winston logger] [32minfo[39m: 🟡 Syncing database models...
2025-10-27 15:58:00 [winston logger] [32minfo[39m: ✅ All models initialized and synced successfully.
2025-10-27 15:58:00 [winston logger] [32minfo[39m: ✅ User model synced successfully.
2025-10-27 15:58:00 [winston logger] [32minfo[39m: 🟡 Starting Apollo Server...
2025-10-27 15:58:00 [winston logger] [32minfo[39m: 🚀 Server is running at: http://localhost:5000/graphql
2025-10-27 15:58:08 [winston logger] [32minfo[39m: 🟡 Syncing database models...
2025-10-27 15:58:09 [winston logger] [32minfo[39m: ✅ All models initialized and synced successfully.
2025-10-27 15:58:09 [winston logger] [32minfo[39m: ✅ User model synced successfully.
2025-10-27 15:58:09 [winston logger] [32minfo[39m: 🟡 Starting Apollo Server...
2025-10-27 15:58:09 [winston logger] [32minfo[39m: 🚀 Server is running at: http://localhost:5000/graphql
2025-10-27 15:58:12 [winston logger] [32minfo[39m: 🟡 Syncing database models...
2025-10-27 15:58:13 [winston logger] [32minfo[39m: ✅ All models initialized and synced successfully.
2025-10-27 15:58:13 [winston logger] [32minfo[39m: ✅ User model synced successfully.
2025-10-27 15:58:13 [winston logger] [32minfo[39m: 🟡 Starting Apollo Server...
2025-10-27 15:58:13 [winston logger] [32minfo[39m: 🚀 Server is running at: http://localhost:5000/graphql
2025-10-27 15:58:20 [winston logger] [32minfo[39m: 🟡 Syncing database models...
2025-10-27 15:58:21 [winston logger] [32minfo[39m: 🟡 Syncing database models...
2025-10-27 15:58:22 [winston logger] [32minfo[39m: ✅ All models initialized and synced successfully.
2025-10-27 15:58:22 [winston logger] [32minfo[39m: ✅ User model synced successfully.
2025-10-27 15:58:22 [winston logger] [32minfo[39m: 🟡 Starting Apollo Server...
2025-10-27 15:58:22 [winston logger] [32minfo[39m: 🚀 Server is running at: http://localhost:5000/graphql
2025-10-27 15:58:30 [winston logger] [32minfo[39m: 🟡 Syncing database models...
2025-10-27 15:58:31 [winston logger] [32minfo[39m: ✅ All models initialized and synced successfully.
2025-10-27 15:58:31 [winston logger] [32minfo[39m: ✅ User model synced successfully.
2025-10-27 15:58:31 [winston logger] [32minfo[39m: 🟡 Starting Apollo Server...
2025-10-27 15:58:31 [winston logger] [32minfo[39m: 🚀 Server is running at: http://localhost:5000/graphql
2025-10-27 15:58:35 [winston logger] [32minfo[39m: 🟡 Syncing database models...
2025-10-27 15:58:36 [winston logger] [32minfo[39m: ✅ All models initialized and synced successfully.
2025-10-27 15:58:36 [winston logger] [32minfo[39m: ✅ User model synced successfully.
2025-10-27 15:58:36 [winston logger] [32minfo[39m: 🟡 Starting Apollo Server...
2025-10-27 15:58:36 [winston logger] [32minfo[39m: 🚀 Server is running at: http://localhost:5000/graphql
2025-10-27 15:58:44 [winston logger] [32minfo[39m: 🟡 Syncing database models...
2025-10-27 15:58:45 [winston logger] [32minfo[39m: ✅ All models initialized and synced successfully.
2025-10-27 15:58:45 [winston logger] [32minfo[39m: ✅ User model synced successfully.
2025-10-27 15:58:45 [winston logger] [32minfo[39m: 🟡 Starting Apollo Server...
2025-10-27 15:58:45 [winston logger] [32minfo[39m: 🚀 Server is running at: http://localhost:5000/graphql
2025-10-27 15:58:49 [winston logger] [32minfo[39m: 🟡 Syncing database models...
2025-10-27 15:58:49 [winston logger] [32minfo[39m: ✅ All models initialized and synced successfully.
2025-10-27 15:58:49 [winston logger] [32minfo[39m: ✅ User model synced successfully.
2025-10-27 15:58:49 [winston logger] [32minfo[39m: 🟡 Starting Apollo Server...
2025-10-27 15:58:49 [winston logger] [32minfo[39m: 🚀 Server is running at: http://localhost:5000/graphql
2025-10-27 15:59:03 [winston logger] [32minfo[39m: 🟡 Syncing database models...
2025-10-27 15:59:03 [winston logger] [32minfo[39m: ✅ All models initialized and synced successfully.
2025-10-27 15:59:03 [winston logger] [32minfo[39m: ✅ User model synced successfully.
2025-10-27 15:59:03 [winston logger] [32minfo[39m: 🟡 Starting Apollo Server...
2025-10-27 15:59:03 [winston logger] [32minfo[39m: 🚀 Server is running at: http://localhost:5000/graphql
2025-10-27 15:59:29 [winston logger] [32minfo[39m: 🟡 Syncing database models...
2025-10-27 15:59:30 [winston logger] [32minfo[39m: ✅ All models initialized and synced successfully.
2025-10-27 15:59:30 [winston logger] [32minfo[39m: ✅ User model synced successfully.
2025-10-27 15:59:30 [winston logger] [32minfo[39m: 🟡 Starting Apollo Server...
2025-10-27 15:59:30 [winston logger] [32minfo[39m: 🚀 Server is running at: http://localhost:5000/graphql
2025-10-27 15:59:37 [winston logger] [32minfo[39m: 🟡 Syncing database models...
2025-10-27 15:59:38 [winston logger] [32minfo[39m: ✅ All models initialized and synced successfully.
2025-10-27 15:59:39 [winston logger] [32minfo[39m: 🟡 Syncing database models...
2025-10-27 15:59:40 [winston logger] [32minfo[39m: ✅ All models initialized and synced successfully.
2025-10-27 15:59:40 [winston logger] [32minfo[39m: ✅ User model synced successfully.
2025-10-27 15:59:40 [winston logger] [32minfo[39m: 🟡 Starting Apollo Server...
2025-10-27 15:59:40 [winston logger] [32minfo[39m: 🚀 Server is running at: http://localhost:5000/graphql
2025-10-27 16:00:17 [winston logger] [32minfo[39m: 🟡 Syncing database models...
2025-10-27 16:00:18 [winston logger] [32minfo[39m: ✅ All models initialized and synced successfully.
2025-10-27 16:00:18 [winston logger] [32minfo[39m: ✅ User model synced successfully.
2025-10-27 16:00:18 [winston logger] [32minfo[39m: 🟡 Starting Apollo Server...
2025-10-27 16:00:18 [winston logger] [32minfo[39m: 🚀 Server is running at: http://localhost:5000/graphql
2025-10-27 16:00:21 [winston logger] [32minfo[39m: 🟡 Syncing database models...
2025-10-27 16:00:22 [winston logger] [32minfo[39m: ✅ All models initialized and synced successfully.
2025-10-27 16:00:22 [winston logger] [32minfo[39m: ✅ User model synced successfully.
2025-10-27 16:00:22 [winston logger] [32minfo[39m: 🟡 Starting Apollo Server...
2025-10-27 16:00:22 [winston logger] [32minfo[39m: 🚀 Server is running at: http://localhost:5000/graphql
2025-10-27 16:00:31 [winston logger] [32minfo[39m: 🟡 Syncing database models...
2025-10-27 16:00:32 [winston logger] [32minfo[39m: ✅ All models initialized and synced successfully.
2025-10-27 16:00:32 [winston logger] [32minfo[39m: ✅ User model synced successfully.
2025-10-27 16:00:32 [winston logger] [32minfo[39m: 🟡 Starting Apollo Server...
2025-10-27 16:00:32 [winston logger] [32minfo[39m: 🚀 Server is running at: http://localhost:5000/graphql
2025-10-27 16:00:59 [winston logger] [32minfo[39m: 🟡 Syncing database models...
2025-10-27 16:01:00 [winston logger] [32minfo[39m: ✅ All models initialized and synced successfully.
2025-10-27 16:01:00 [winston logger] [32minfo[39m: ✅ User model synced successfully.
2025-10-27 16:01:00 [winston logger] [32minfo[39m: 🟡 Starting Apollo Server...
2025-10-27 16:01:00 [winston logger] [32minfo[39m: 🚀 Server is running at: http://localhost:5000/graphql
2025-10-27 16:01:05 [winston logger] [32minfo[39m: 🟡 Syncing database models...
2025-10-27 16:01:06 [winston logger] [32minfo[39m: ✅ All models initialized and synced successfully.
2025-10-27 16:01:06 [winston logger] [32minfo[39m: ✅ User model synced successfully.
2025-10-27 16:01:06 [winston logger] [32minfo[39m: 🟡 Starting Apollo Server...
2025-10-27 16:01:06 [winston logger] [32minfo[39m: 🚀 Server is running at: http://localhost:5000/graphql
2025-10-27 16:01:07 [winston logger] [32minfo[39m: 🟡 Syncing database models...
2025-10-27 16:01:08 [winston logger] [32minfo[39m: ✅ All models initialized and synced successfully.
2025-10-27 16:01:08 [winston logger] [32minfo[39m: ✅ User model synced successfully.
2025-10-27 16:01:08 [winston logger] [32minfo[39m: 🟡 Starting Apollo Server...
2025-10-27 16:01:08 [winston logger] [32minfo[39m: 🚀 Server is running at: http://localhost:5000/graphql
2025-10-27 16:01:09 [winston logger] [32minfo[39m: 🟡 Syncing database models...
2025-10-27 16:01:10 [winston logger] [32minfo[39m: ✅ All models initialized and synced successfully.
2025-10-27 16:01:10 [winston logger] [32minfo[39m: ✅ User model synced successfully.
2025-10-27 16:01:10 [winston logger] [32minfo[39m: 🟡 Starting Apollo Server...
2025-10-27 16:01:10 [winston logger] [32minfo[39m: 🚀 Server is running at: http://localhost:5000/graphql
2025-10-27 16:01:14 [winston logger] [32minfo[39m: 🟡 Syncing database models...
2025-10-27 16:01:15 [winston logger] [32minfo[39m: ✅ All models initialized and synced successfully.
2025-10-27 16:01:15 [winston logger] [32minfo[39m: ✅ User model synced successfully.
2025-10-27 16:01:15 [winston logger] [32minfo[39m: 🟡 Starting Apollo Server...
2025-10-27 16:01:15 [winston logger] [32minfo[39m: 🚀 Server is running at: http://localhost:5000/graphql
2025-10-27 16:01:18 [winston logger] [32minfo[39m: 🟡 Syncing database models...
2025-10-27 16:01:19 [winston logger] [32minfo[39m: ✅ All models initialized and synced successfully.
2025-10-27 16:01:19 [winston logger] [32minfo[39m: ✅ User model synced successfully.
2025-10-27 16:01:19 [winston logger] [32minfo[39m: 🟡 Starting Apollo Server...
2025-10-27 16:01:19 [winston logger] [32minfo[39m: 🚀 Server is running at: http://localhost:5000/graphql
2025-10-27 16:01:21 [winston logger] [32minfo[39m: 🟡 Syncing database models...
2025-10-27 16:01:21 [winston logger] [32minfo[39m: ✅ All models initialized and synced successfully.
2025-10-27 16:01:21 [winston logger] [32minfo[39m: ✅ User model synced successfully.
2025-10-27 16:01:21 [winston logger] [32minfo[39m: 🟡 Starting Apollo Server...
2025-10-27 16:01:21 [winston logger] [32minfo[39m: 🚀 Server is running at: http://localhost:5000/graphql
2025-10-27 16:01:40 [winston logger] [32minfo[39m: 🟡 Syncing database models...
2025-10-27 16:01:41 [winston logger] [32minfo[39m: 🟡 Syncing database models...
2025-10-27 16:01:42 [winston logger] [32minfo[39m: ✅ All models initialized and synced successfully.
2025-10-27 16:01:42 [winston logger] [32minfo[39m: ✅ User model synced successfully.
2025-10-27 16:01:42 [winston logger] [32minfo[39m: 🟡 Starting Apollo Server...
2025-10-27 16:01:42 [winston logger] [32minfo[39m: 🚀 Server is running at: http://localhost:5000/graphql
2025-10-27 16:01:44 [winston logger] [32minfo[39m: 🟡 Syncing database models...
2025-10-27 16:01:44 [winston logger] [32minfo[39m: ✅ All models initialized and synced successfully.
2025-10-27 16:01:44 [winston logger] [32minfo[39m: ✅ User model synced successfully.
2025-10-27 16:01:44 [winston logger] [32minfo[39m: 🟡 Starting Apollo Server...
2025-10-27 16:01:44 [winston logger] [32minfo[39m: 🚀 Server is running at: http://localhost:5000/graphql
2025-10-27 16:02:00 [winston logger] [32minfo[39m: 🟡 Syncing database models...
2025-10-27 16:02:00 [winston logger] [32minfo[39m: ✅ All models initialized and synced successfully.
2025-10-27 16:02:00 [winston logger] [32minfo[39m: ✅ User model synced successfully.
2025-10-27 16:02:00 [winston logger] [32minfo[39m: 🟡 Starting Apollo Server...
2025-10-27 16:02:00 [winston logger] [32minfo[39m: 🚀 Server is running at: http://localhost:5000/graphql
2025-10-27 16:02:06 [winston logger] [32minfo[39m: 🟡 Syncing database models...
2025-10-27 16:02:07 [winston logger] [32minfo[39m: ✅ All models initialized and synced successfully.
2025-10-27 16:02:07 [winston logger] [32minfo[39m: ✅ User model synced successfully.
2025-10-27 16:02:07 [winston logger] [32minfo[39m: 🟡 Starting Apollo Server...
2025-10-27 16:02:07 [winston logger] [32minfo[39m: 🚀 Server is running at: http://localhost:5000/graphql
2025-10-27 16:02:17 [winston logger] [32minfo[39m: 🟡 Syncing database models...
2025-10-27 16:02:18 [winston logger] [32minfo[39m: ✅ All models initialized and synced successfully.
2025-10-27 16:02:18 [winston logger] [32minfo[39m: ✅ User model synced successfully.
2025-10-27 16:02:18 [winston logger] [32minfo[39m: 🟡 Starting Apollo Server...
2025-10-27 16:02:18 [winston logger] [32minfo[39m: 🚀 Server is running at: http://localhost:5000/graphql
2025-10-27 16:02:23 [winston logger] [32minfo[39m: 🟡 Syncing database models...
2025-10-27 16:02:24 [winston logger] [32minfo[39m: ✅ All models initialized and synced successfully.
2025-10-27 16:02:24 [winston logger] [32minfo[39m: ✅ User model synced successfully.
2025-10-27 16:02:24 [winston logger] [32minfo[39m: 🟡 Starting Apollo Server...
2025-10-27 16:02:24 [winston logger] [32minfo[39m: 🚀 Server is running at: http://localhost:5000/graphql
2025-10-27 16:02:28 [winston logger] [32minfo[39m: 🟡 Syncing database models...
2025-10-27 16:02:29 [winston logger] [32minfo[39m: ✅ All models initialized and synced successfully.
2025-10-27 16:02:29 [winston logger] [32minfo[39m: ✅ User model synced successfully.
2025-10-27 16:02:29 [winston logger] [32minfo[39m: 🟡 Starting Apollo Server...
2025-10-27 16:02:29 [winston logger] [32minfo[39m: 🚀 Server is running at: http://localhost:5000/graphql
2025-10-27 16:02:36 [winston logger] [32minfo[39m: 🟡 Syncing database models...
2025-10-27 16:02:37 [winston logger] [32minfo[39m: 🟡 Syncing database models...
2025-10-27 16:02:37 [winston logger] [32minfo[39m: ✅ All models initialized and synced successfully.
2025-10-27 16:02:37 [winston logger] [32minfo[39m: ✅ User model synced successfully.
2025-10-27 16:02:38 [winston logger] [32minfo[39m: 🟡 Starting Apollo Server...
2025-10-27 16:02:38 [winston logger] [32minfo[39m: 🚀 Server is running at: http://localhost:5000/graphql
2025-10-27 16:03:31 [winston logger] [32minfo[39m: 🟡 Syncing database models...
2025-10-27 16:03:32 [winston logger] [32minfo[39m: 🟡 Syncing database models...
2025-10-27 16:03:33 [winston logger] [32minfo[39m: ✅ All models initialized and synced successfully.
2025-10-27 16:03:33 [winston logger] [32minfo[39m: ✅ User model synced successfully.
2025-10-27 16:03:33 [winston logger] [32minfo[39m: 🟡 Starting Apollo Server...
2025-10-27 16:03:33 [winston logger] [32minfo[39m: 🚀 Server is running at: http://localhost:5000/graphql
2025-10-27 16:03:43 [winston logger] [32minfo[39m: 🟡 Syncing database models...
2025-10-27 16:03:44 [winston logger] [32minfo[39m: ✅ All models initialized and synced successfully.
2025-10-27 16:03:44 [winston logger] [32minfo[39m: ✅ User model synced successfully.
2025-10-27 16:03:44 [winston logger] [32minfo[39m: 🟡 Starting Apollo Server...
2025-10-27 16:03:44 [winston logger] [32minfo[39m: 🚀 Server is running at: http://localhost:5000/graphql
2025-10-27 16:03:49 [winston logger] [32minfo[39m: 🟡 Syncing database models...
2025-10-27 16:03:50 [winston logger] [32minfo[39m: ✅ All models initialized and synced successfully.
2025-10-27 16:03:50 [winston logger] [32minfo[39m: ✅ User model synced successfully.
2025-10-27 16:03:50 [winston logger] [32minfo[39m: 🟡 Starting Apollo Server...
2025-10-27 16:03:50 [winston logger] [32minfo[39m: 🚀 Server is running at: http://localhost:5000/graphql
2025-10-27 16:04:48 [winston logger] [32minfo[39m: Successful password change for user: 22amtics312@gmail.com from IP: ::1
2025-10-27 16:07:21 [winston logger] [32minfo[39m: 🟡 Syncing database models...
2025-10-27 16:07:22 [winston logger] [32minfo[39m: ✅ All models initialized and synced successfully.
2025-10-27 16:07:22 [winston logger] [32minfo[39m: ✅ User model synced successfully.
2025-10-27 16:07:22 [winston logger] [32minfo[39m: 🟡 Starting Apollo Server...
2025-10-27 16:07:23 [winston logger] [32minfo[39m: 🚀 Server is running at: http://localhost:5000/graphql
