2025-10-09 11:52:11 [winston logger] [32minfo[39m: Server listening on port 5000
2025-10-09 11:54:11 [winston logger] [32minfo[39m: ✅ User created: samirshaikh.lwt@gmail.com
2025-10-09 11:58:28 [winston logger] [32minfo[39m: Server listening on port 5000
2025-10-09 12:20:51 [winston logger] [32minfo[39m: ✅ User created: samirshaikh.lwt@gmail.com
2025-10-09 12:24:52 [winston logger] [32minfo[39m: Server listening on port 5000
2025-10-09 12:24:56 [winston logger] [32minfo[39m: Server listening on port 5000
2025-10-09 12:26:06 [winston logger] [32minfo[39m: ✅ User logged in: samirshaikh.lwt@gmail.com
2025-10-09 12:27:31 [winston logger] [32minfo[39m: Server listening on port 5000
2025-10-09 12:28:27 [winston logger] [32minfo[39m: Server listening on port 5000
2025-10-09 12:29:10 [winston logger] [32minfo[39m: Server listening on port 5000
2025-10-09 12:29:47 [winston logger] [32minfo[39m: Server listening on port 5000
2025-10-09 12:29:50 [winston logger] [32minfo[39m: Server listening on port 5000
2025-10-09 12:30:32 [winston logger] [32minfo[39m: Server listening on port 5000
2025-10-09 12:30:40 [winston logger] [32minfo[39m: Server listening on port 5000
2025-10-09 12:31:08 [winston logger] [32minfo[39m: ✅ User logged out: c31b5dc6-25a1-4d29-ad50-387d9a5269c2
2025-10-09 12:31:13 [winston logger] [32minfo[39m: ✅ User logged out: c31b5dc6-25a1-4d29-ad50-387d9a5269c2
2025-10-09 12:31:36 [winston logger] [32minfo[39m: ✅ User created: samirshaikh.lwt@gmail.com
2025-10-09 12:32:49 [winston logger] [32minfo[39m: ✅ User logged in: samirshaikh.lwt@gmail.com
2025-10-09 12:36:07 [winston logger] [32minfo[39m: Server listening on port 5000
2025-10-09 12:36:11 [winston logger] [32minfo[39m: ✅ OTP sent to samirshaikh.lwt@gmail.com
2025-10-09 12:37:54 [winston logger] [32minfo[39m: Password reset successful for samirshaikh.lwt@gmail.com
2025-10-09 12:46:28 [winston logger] [32minfo[39m: Server listening on port 5000
2025-10-09 13:58:06 [winston logger] [32minfo[39m: Server listening on port 5000
2025-10-09 13:59:11 [winston logger] [32minfo[39m: Server listening on port 5000
2025-10-09 13:59:53 [winston logger] [32minfo[39m: Server listening on port 5000
2025-10-09 14:00:32 [winston logger] [32minfo[39m: Server listening on port 5000
2025-10-09 14:01:38 [winston logger] [32minfo[39m: Server listening on port 5000
2025-10-09 14:01:45 [winston logger] [32minfo[39m: Server listening on port 5000
2025-10-09 14:02:26 [winston logger] [32minfo[39m: Server listening on port 5000
2025-10-09 14:02:30 [winston logger] [32minfo[39m: Server listening on port 5000
2025-10-09 14:03:14 [winston logger] [32minfo[39m: Server listening on port 5000
2025-10-14 16:26:50 [winston logger] [32minfo[39m: Server listening on port 5000
2025-10-14 16:29:52 [winston logger] [32minfo[39m: ✅ User created: samirshaikh.lwt@gmail.com
2025-10-14 16:30:22 [winston logger] [32minfo[39m: ✅ User logged in: samirshaikh.lwt@gmail.com
2025-10-14 16:30:47 [winston logger] [32minfo[39m: ✅ User logged out: 58a0f8ef-cc74-4d03-8505-6c268f715109
2025-10-14 16:31:20 [winston logger] [32minfo[39m: ✅ User created: samirshaikh.lwt@gmail.com
2025-10-14 16:31:45 [winston logger] [32minfo[39m: ✅ User logged in: samirshaikh.lwt@gmail.com
2025-10-14 16:32:15 [winston logger] [32minfo[39m: Server listening on port 5000
2025-10-14 16:33:25 [winston logger] [32minfo[39m: ✅ User created: 22amtics312@gmail.com
2025-10-14 16:34:14 [winston logger] [32minfo[39m: ✅ User logged in: 22amtics312@gmail.com
2025-10-14 16:40:08 [winston logger] [31merror[39m: Event listing failed: Op is not defined
2025-10-14 16:40:12 [winston logger] [31merror[39m: Event listing failed: Op is not defined
2025-10-14 16:40:19 [winston logger] [31merror[39m: Event listing failed: Op is not defined
2025-10-14 16:40:31 [winston logger] [31merror[39m: Event listing failed: Op is not defined
2025-10-14 16:40:46 [winston logger] [31merror[39m: Event listing failed: Op is not defined
2025-10-14 16:42:28 [winston logger] [32minfo[39m: Server listening on port 5000
2025-10-14 16:42:35 [winston logger] [32minfo[39m: Server listening on port 5000
2025-10-14 16:45:24 [winston logger] [32minfo[39m: ✅ User logged in: samirshaikh.lwt@gmail.com
2025-10-14 16:48:57 [winston logger] [32minfo[39m: ✅ User logged in: 22amtics312@gmail.com
